Arguments: 
  /Users/philopian/.nvm/versions/node/v18.15.0/bin/node /Users/philopian/.yarn/bin/yarn.js add ts-node

PATH: 
  /Users/philopian/.yarn/bin:/Users/philopian/.config/yarn/global/node_modules/.bin:/usr/local/bin:/System/Cryptexes/App/usr/bin:/usr/bin:/bin:/usr/sbin:/sbin:/Library/Apple/usr/bin:/Users/philopian/.yarn/bin:/Users/philopian/.config/yarn/global/node_modules/.bin:/Users/philopian/.nvm/versions/node/v18.15.0/bin:/Applications/Visual Studio Code.app/Contents/Resources/app/bin:/Applications/Visual Studio Code.app/Contents/Resources/app/bin

Yarn version: 
  1.22.19

Node version: 
  18.15.0

Platform: 
  darwin x64

Trace: 
  SyntaxError: /Users/philopian/Developer/REPOS/ts-runners/packages/with--ts-node/package.json: Unexpected token } in JSON at position 500
      at JSON.parse (<anonymous>)
      at /Users/philopian/.yarn/lib/cli.js:1629:59
      at Generator.next (<anonymous>)
      at step (/Users/philopian/.yarn/lib/cli.js:310:30)
      at /Users/philopian/.yarn/lib/cli.js:321:13

npm manifest: 
  {
    "name": "with--ts-node",
    "version": "1.0.0",
    "main": "dist/index.js",
    "types": "dist/index.d.ts",
    "scripts": {
      "prestart": "tsc",
      "start": "node dist/index.js",
      "dev": "tsc src/*.ts --watch && node src",
      "watch": "nodemon --watch 'src/**/*' -e ts,tsx --exec 'tsc' ./src/index.ts",
      "build": "tsc"
    },
    "dependencies": {
      "express": "^4.18.1"
    },
    "devDependencies": {
      "@types/express": "^4.17.13",
      "nodemon": "^2.0.22",
      "typescript": "^4.7.4"
    }
  }
  
  }

yarn manifest: 
  No manifest

Lockfile: 
  No lockfile
